<?xml version="1.0" encoding="UTF-8"?>
<TestRun id="b59bd590-4aa0-4792-a683-5a3199b2837e" name="armandorv@ARMANDORV-PC 2012-03-29 16:04:03" runUser="armandorv-pc\armandorv" xmlns="http://microsoft.com/schemas/VisualStudio/TeamTest/2010">
  <TestSettings name="Local" id="f68d14ca-8efd-4961-820a-96dc17a2a53d">
    <Description>Esta es la configuración de pruebas predeterminada para una ejecución de pruebas local.</Description>
    <Deployment enabled="false" runDeploymentRoot="armandorv_ARMANDORV-PC 2012-03-29 16_04_03" />
    <Execution>
      <TestTypeSpecific />
      <AgentRule name="Execution Agents">
      </AgentRule>
    </Execution>
  </TestSettings>
  <Times creation="2012-03-29T16:04:03.0409451+02:00" queuing="2012-03-29T16:04:03.1033452+02:00" start="2012-03-29T16:04:03.1033452+02:00" finish="2012-03-29T16:04:03.3529456+02:00" />
  <ResultSummary outcome="Completed">
    <Counters total="1" executed="1" passed="1" error="0" failed="0" timeout="0" aborted="0" inconclusive="0" passedButRunAborted="0" notRunnable="0" notExecuted="0" disconnected="0" warning="0" completed="0" inProgress="0" pending="0" />
  </ResultSummary>
  <TestDefinitions>
    <UnitTest name="TestFindById" storage="d:\work\vs10_workspace\projects\armandoshop-middletier\dataaccess.tests\bin\release\armandoshop.dataaccess.tests.dll" id="6501edd4-71c2-7804-50f5-64d4a68b0fdb">
      <Execution id="72bc2fe3-3f48-4647-aaf5-f36e6cf22984" />
      <TestMethod codeBase="D:/Work/VS10_WorkSpace/Projects/ArmandoShop-MiddleTier/DataAccess.Tests/bin/Release/ArmandoShop.DataAccess.Tests.DLL" adapterTypeName="Microsoft.VisualStudio.TestTools.TestTypes.Unit.UnitTestAdapter, Microsoft.VisualStudio.QualityTools.Tips.UnitTest.Adapter, Version=10.0.0.0, Culture=neutral, PublicKeyToken=b03f5f7f11d50a3a" className="ArmandoShop.DataAccess.Tests.CategorityDAOTest, ArmandoShop.DataAccess.Tests, Version=1.0.0.0, Culture=neutral, PublicKeyToken=null" name="TestFindById" />
    </UnitTest>
  </TestDefinitions>
  <TestLists>
    <TestList name="Resultados que no están en la lista" id="8c84fa94-04c1-424b-9868-57a2d4851a1d" />
    <TestList name="Todos los resultados cargados" id="19431567-8539-422a-85d7-44ee4e166bda" />
  </TestLists>
  <TestEntries>
    <TestEntry testId="6501edd4-71c2-7804-50f5-64d4a68b0fdb" executionId="72bc2fe3-3f48-4647-aaf5-f36e6cf22984" testListId="8c84fa94-04c1-424b-9868-57a2d4851a1d" />
  </TestEntries>
  <Results>
    <UnitTestResult executionId="72bc2fe3-3f48-4647-aaf5-f36e6cf22984" testId="6501edd4-71c2-7804-50f5-64d4a68b0fdb" testName="TestFindById" computerName="ARMANDORV-PC" duration="00:00:00.0401125" startTime="2012-03-29T16:04:03.1345452+02:00" endTime="2012-03-29T16:04:03.3373456+02:00" testType="13cdc9d9-ddb5-4fa4-a97d-d965ccfc6d4b" outcome="Passed" testListId="8c84fa94-04c1-424b-9868-57a2d4851a1d" relativeResultsDirectory="72bc2fe3-3f48-4647-aaf5-f36e6cf22984">
      <Output>
        <StdOut>Testing Getting Categority By Id: 1

Categority [ID=1,Name =1 ,Description =1]
End Test 
 ______</StdOut>
      </Output>
    </UnitTestResult>
  </Results>
</TestRun>