<?xml version="1.0" encoding="UTF-8"?>
<TestRun id="eeb764c1-b187-4ba6-ad53-bbb0292c7f16" name="armandorv@ARMANDORV-PC 2012-04-04 15:44:18" runUser="armandorv-pc\armandorv" xmlns="http://microsoft.com/schemas/VisualStudio/TeamTest/2010">
  <TestSettings name="Local" id="f68d14ca-8efd-4961-820a-96dc17a2a53d">
    <Description>Esta es la configuración de pruebas predeterminada para una ejecución de pruebas local.</Description>
    <Deployment userDeploymentRoot="D:\Work\VS10_WorkSpace\Projects\ArmandoShop-MiddleTier\TestResults" useDefaultDeploymentRoot="false" enabled="false" runDeploymentRoot="armandorv_ARMANDORV-PC 2012-04-04 15_44_18">
      <DeploymentItem filename="D:\Work\VS10_WorkSpace\Projects\ArmandoShop-MiddleTier\Model\bin\Debug\Model.dll" />
      <DeploymentItem filename="D:\Work\VS10_WorkSpace\Projects\ArmandoShop-MiddleTier\DataAccess\bin\Debug\ArmandoShop.DataAccess.dll" />
    </Deployment>
    <Execution>
      <TestTypeSpecific />
      <AgentRule name="Execution Agents">
      </AgentRule>
    </Execution>
  </TestSettings>
  <Times creation="2012-04-04T15:44:18.4143267+02:00" queuing="2012-04-04T15:44:19.3243280+02:00" start="2012-04-04T15:44:19.4443281+02:00" finish="2012-04-04T15:45:23.9546065+02:00" />
  <ResultSummary outcome="Error">
    <Counters total="1" executed="1" error="0" failed="0" timeout="0" aborted="1" inconclusive="0" passedButRunAborted="0" notRunnable="0" notExecuted="0" disconnected="0" warning="0" passed="0" completed="0" inProgress="0" pending="0" />
    <RunInfos>
      <RunInfo computerName="ARMANDORV-PC" outcome="Error" timestamp="2012-04-04T15:45:23.9546065+02:00">
        <Text>El proceso del host de pruebas terminó inesperadamente.</Text>
      </RunInfo>
    </RunInfos>
  </ResultSummary>
  <TestDefinitions>
    <UnitTest name="FindAllTest" storage="d:\work\vs10_workspace\projects\armandoshop-middletier\dataaccess.tests\bin\debug\armandoshop.dataaccess.tests.dll" id="45fb7b17-50c5-f059-47d8-29fc42af25fa">
      <Execution id="d602360b-85f2-429d-872e-7a9410e78f97" />
      <TestMethod codeBase="D:/Work/VS10_WorkSpace/Projects/ArmandoShop-MiddleTier/DataAccess.Tests/bin/Debug/ArmandoShop.DataAccess.Tests.DLL" adapterTypeName="Microsoft.VisualStudio.TestTools.TestTypes.Unit.UnitTestAdapter, Microsoft.VisualStudio.QualityTools.Tips.UnitTest.Adapter, Version=10.0.0.0, Culture=neutral, PublicKeyToken=b03f5f7f11d50a3a" className="ArmandoShop.DataAccess.Tests.CustomerDAOTest, ArmandoShop.DataAccess.Tests, Version=1.0.0.0, Culture=neutral, PublicKeyToken=null" name="FindAllTest" />
    </UnitTest>
  </TestDefinitions>
  <TestLists>
    <TestList name="Resultados que no están en la lista" id="8c84fa94-04c1-424b-9868-57a2d4851a1d" />
    <TestList name="Todos los resultados cargados" id="19431567-8539-422a-85d7-44ee4e166bda" />
  </TestLists>
  <TestEntries>
    <TestEntry testId="45fb7b17-50c5-f059-47d8-29fc42af25fa" executionId="d602360b-85f2-429d-872e-7a9410e78f97" testListId="8c84fa94-04c1-424b-9868-57a2d4851a1d" />
  </TestEntries>
  <Results>
    <UnitTestResult executionId="d602360b-85f2-429d-872e-7a9410e78f97" testId="45fb7b17-50c5-f059-47d8-29fc42af25fa" testName="FindAllTest" computerName="ARMANDORV-PC" duration="00:01:04.3902782" startTime="2012-04-04T15:44:19.5643283+02:00" endTime="2012-04-04T15:45:23.9546065+02:00" testType="13cdc9d9-ddb5-4fa4-a97d-d965ccfc6d4b" outcome="Aborted" testListId="8c84fa94-04c1-424b-9868-57a2d4851a1d" relativeResultsDirectory="d602360b-85f2-429d-872e-7a9410e78f97">
    </UnitTestResult>
  </Results>
</TestRun>