<?xml version="1.0" encoding="UTF-8"?>
<TestRun id="8b3273c0-255d-47b6-8eff-2560d434bd9f" name="armandorv@ARMANDORV-PC 2012-04-04 15:48:27" runUser="armandorv-pc\armandorv" xmlns="http://microsoft.com/schemas/VisualStudio/TeamTest/2010">
  <TestSettings name="Local" id="f68d14ca-8efd-4961-820a-96dc17a2a53d">
    <Description>Esta es la configuración de pruebas predeterminada para una ejecución de pruebas local.</Description>
    <Deployment enabled="false" runDeploymentRoot="armandorv_ARMANDORV-PC 2012-04-04 15_48_27">
      <DeploymentItem filename="D:\Work\VS10_WorkSpace\Projects\ArmandoShop-MiddleTier\Model\bin\Debug\Model.dll" />
      <DeploymentItem filename="D:\Work\VS10_WorkSpace\Projects\ArmandoShop-MiddleTier\DataAccess\bin\Debug\ArmandoShop.DataAccess.dll" />
    </Deployment>
    <Execution>
      <TestTypeSpecific />
      <AgentRule name="Execution Agents">
      </AgentRule>
    </Execution>
  </TestSettings>
  <Times creation="2012-04-04T15:48:27.8841435+02:00" queuing="2012-04-04T15:48:27.9241435+02:00" start="2012-04-04T15:48:27.9441436+02:00" finish="2012-04-04T15:48:28.3241441+02:00" />
  <ResultSummary outcome="Failed">
    <Counters total="5" executed="5" passed="4" error="0" failed="1" timeout="0" aborted="0" inconclusive="0" passedButRunAborted="0" notRunnable="0" notExecuted="0" disconnected="0" warning="0" completed="0" inProgress="0" pending="0" />
  </ResultSummary>
  <TestDefinitions>
    <UnitTest name="UpdateTest" storage="d:\work\vs10_workspace\projects\armandoshop-middletier\dataaccess.tests\bin\debug\armandoshop.dataaccess.tests.dll" id="2e9dc7d2-e059-ef16-f604-17042dfaea10">
      <Execution id="d055b117-e29b-46cf-bf4a-ae701280d596" />
      <TestMethod codeBase="D:/Work/VS10_WorkSpace/Projects/ArmandoShop-MiddleTier/DataAccess.Tests/bin/Debug/ArmandoShop.DataAccess.Tests.DLL" adapterTypeName="Microsoft.VisualStudio.TestTools.TestTypes.Unit.UnitTestAdapter, Microsoft.VisualStudio.QualityTools.Tips.UnitTest.Adapter, Version=10.0.0.0, Culture=neutral, PublicKeyToken=b03f5f7f11d50a3a" className="ArmandoShop.DataAccess.Tests.CustomerDAOTest, ArmandoShop.DataAccess.Tests, Version=1.0.0.0, Culture=neutral, PublicKeyToken=null" name="UpdateTest" />
    </UnitTest>
    <UnitTest name="RemoveTest" storage="d:\work\vs10_workspace\projects\armandoshop-middletier\dataaccess.tests\bin\debug\armandoshop.dataaccess.tests.dll" id="a416dbbb-8ce7-bc71-5995-b35eb4d39004">
      <Execution id="7d93db2d-1565-48d3-b7df-a44f70694d7a" />
      <TestMethod codeBase="D:/Work/VS10_WorkSpace/Projects/ArmandoShop-MiddleTier/DataAccess.Tests/bin/Debug/ArmandoShop.DataAccess.Tests.DLL" adapterTypeName="Microsoft.VisualStudio.TestTools.TestTypes.Unit.UnitTestAdapter, Microsoft.VisualStudio.QualityTools.Tips.UnitTest.Adapter, Version=10.0.0.0, Culture=neutral, PublicKeyToken=b03f5f7f11d50a3a" className="ArmandoShop.DataAccess.Tests.CustomerDAOTest, ArmandoShop.DataAccess.Tests, Version=1.0.0.0, Culture=neutral, PublicKeyToken=null" name="RemoveTest" />
    </UnitTest>
    <UnitTest name="FindAllTest" storage="d:\work\vs10_workspace\projects\armandoshop-middletier\dataaccess.tests\bin\debug\armandoshop.dataaccess.tests.dll" id="45fb7b17-50c5-f059-47d8-29fc42af25fa">
      <Execution id="64a43898-c074-4b74-a922-e408cb3dccbf" />
      <TestMethod codeBase="D:/Work/VS10_WorkSpace/Projects/ArmandoShop-MiddleTier/DataAccess.Tests/bin/Debug/ArmandoShop.DataAccess.Tests.DLL" adapterTypeName="Microsoft.VisualStudio.TestTools.TestTypes.Unit.UnitTestAdapter, Microsoft.VisualStudio.QualityTools.Tips.UnitTest.Adapter, Version=10.0.0.0, Culture=neutral, PublicKeyToken=b03f5f7f11d50a3a" className="ArmandoShop.DataAccess.Tests.CustomerDAOTest, ArmandoShop.DataAccess.Tests, Version=1.0.0.0, Culture=neutral, PublicKeyToken=null" name="FindAllTest" />
    </UnitTest>
    <UnitTest name="CreateTest" storage="d:\work\vs10_workspace\projects\armandoshop-middletier\dataaccess.tests\bin\debug\armandoshop.dataaccess.tests.dll" id="b959f45d-9227-8acc-24b4-6ba23aed2dad">
      <Execution id="06621aae-15fa-41f7-8038-dbb2acc5ab61" />
      <TestMethod codeBase="D:/Work/VS10_WorkSpace/Projects/ArmandoShop-MiddleTier/DataAccess.Tests/bin/Debug/ArmandoShop.DataAccess.Tests.DLL" adapterTypeName="Microsoft.VisualStudio.TestTools.TestTypes.Unit.UnitTestAdapter, Microsoft.VisualStudio.QualityTools.Tips.UnitTest.Adapter, Version=10.0.0.0, Culture=neutral, PublicKeyToken=b03f5f7f11d50a3a" className="ArmandoShop.DataAccess.Tests.CustomerDAOTest, ArmandoShop.DataAccess.Tests, Version=1.0.0.0, Culture=neutral, PublicKeyToken=null" name="CreateTest" />
    </UnitTest>
    <UnitTest name="FindByIdTest" storage="d:\work\vs10_workspace\projects\armandoshop-middletier\dataaccess.tests\bin\debug\armandoshop.dataaccess.tests.dll" id="37451224-fd20-f8f6-2f13-405e5dec14ac">
      <Execution id="d8207537-f326-47dd-a953-a374aae24fc1" />
      <TestMethod codeBase="D:/Work/VS10_WorkSpace/Projects/ArmandoShop-MiddleTier/DataAccess.Tests/bin/Debug/ArmandoShop.DataAccess.Tests.DLL" adapterTypeName="Microsoft.VisualStudio.TestTools.TestTypes.Unit.UnitTestAdapter, Microsoft.VisualStudio.QualityTools.Tips.UnitTest.Adapter, Version=10.0.0.0, Culture=neutral, PublicKeyToken=b03f5f7f11d50a3a" className="ArmandoShop.DataAccess.Tests.CustomerDAOTest, ArmandoShop.DataAccess.Tests, Version=1.0.0.0, Culture=neutral, PublicKeyToken=null" name="FindByIdTest" />
    </UnitTest>
  </TestDefinitions>
  <TestLists>
    <TestList name="Resultados que no están en la lista" id="8c84fa94-04c1-424b-9868-57a2d4851a1d" />
    <TestList name="Todos los resultados cargados" id="19431567-8539-422a-85d7-44ee4e166bda" />
  </TestLists>
  <TestEntries>
    <TestEntry testId="2e9dc7d2-e059-ef16-f604-17042dfaea10" executionId="d055b117-e29b-46cf-bf4a-ae701280d596" testListId="8c84fa94-04c1-424b-9868-57a2d4851a1d" />
    <TestEntry testId="37451224-fd20-f8f6-2f13-405e5dec14ac" executionId="d8207537-f326-47dd-a953-a374aae24fc1" testListId="8c84fa94-04c1-424b-9868-57a2d4851a1d" />
    <TestEntry testId="45fb7b17-50c5-f059-47d8-29fc42af25fa" executionId="64a43898-c074-4b74-a922-e408cb3dccbf" testListId="8c84fa94-04c1-424b-9868-57a2d4851a1d" />
    <TestEntry testId="a416dbbb-8ce7-bc71-5995-b35eb4d39004" executionId="7d93db2d-1565-48d3-b7df-a44f70694d7a" testListId="8c84fa94-04c1-424b-9868-57a2d4851a1d" />
    <TestEntry testId="b959f45d-9227-8acc-24b4-6ba23aed2dad" executionId="06621aae-15fa-41f7-8038-dbb2acc5ab61" testListId="8c84fa94-04c1-424b-9868-57a2d4851a1d" />
  </TestEntries>
  <Results>
    <UnitTestResult executionId="d055b117-e29b-46cf-bf4a-ae701280d596" testId="2e9dc7d2-e059-ef16-f604-17042dfaea10" testName="UpdateTest" computerName="ARMANDORV-PC" duration="00:00:00.0583293" startTime="2012-04-04T15:48:27.9541436+02:00" endTime="2012-04-04T15:48:28.2041439+02:00" testType="13cdc9d9-ddb5-4fa4-a97d-d965ccfc6d4b" outcome="Passed" testListId="8c84fa94-04c1-424b-9868-57a2d4851a1d" relativeResultsDirectory="d055b117-e29b-46cf-bf4a-ae701280d596">
      <Output>
        <StdOut>Before :Product [Id=1 ,Name=prueba ,surname=prueba ,Address=prueba ,Phone =prueba] 

After :Product [Id=1 ,Name=Lucatoni ,surname=Lucoanon ,Address=La polla street ,Phone =penpon]</StdOut>
      </Output>
    </UnitTestResult>
    <UnitTestResult executionId="d8207537-f326-47dd-a953-a374aae24fc1" testId="37451224-fd20-f8f6-2f13-405e5dec14ac" testName="FindByIdTest" computerName="ARMANDORV-PC" duration="00:00:00.0062327" startTime="2012-04-04T15:48:28.2041439+02:00" endTime="2012-04-04T15:48:28.2141439+02:00" testType="13cdc9d9-ddb5-4fa4-a97d-d965ccfc6d4b" outcome="Passed" testListId="8c84fa94-04c1-424b-9868-57a2d4851a1d" relativeResultsDirectory="d8207537-f326-47dd-a953-a374aae24fc1">
      <Output>
        <StdOut>Customer:Product [Id=1 ,Name=Lucatoni ,surname=Lucoanon ,Address=La polla street ,Phone =penpon]</StdOut>
      </Output>
    </UnitTestResult>
    <UnitTestResult executionId="64a43898-c074-4b74-a922-e408cb3dccbf" testId="45fb7b17-50c5-f059-47d8-29fc42af25fa" testName="FindAllTest" computerName="ARMANDORV-PC" duration="00:00:00.0080465" startTime="2012-04-04T15:48:28.2141439+02:00" endTime="2012-04-04T15:48:28.2341440+02:00" testType="13cdc9d9-ddb5-4fa4-a97d-d965ccfc6d4b" outcome="Passed" testListId="8c84fa94-04c1-424b-9868-57a2d4851a1d" relativeResultsDirectory="64a43898-c074-4b74-a922-e408cb3dccbf">
      <Output>
        <StdOut>Al customers are:

Product [Id=1 ,Name=Lucatoni ,surname=Lucoanon ,Address=La polla street ,Phone =penpon]</StdOut>
      </Output>
    </UnitTestResult>
    <UnitTestResult executionId="7d93db2d-1565-48d3-b7df-a44f70694d7a" testId="a416dbbb-8ce7-bc71-5995-b35eb4d39004" testName="RemoveTest" computerName="ARMANDORV-PC" duration="00:00:00.0132685" startTime="2012-04-04T15:48:28.2341440+02:00" endTime="2012-04-04T15:48:28.2541440+02:00" testType="13cdc9d9-ddb5-4fa4-a97d-d965ccfc6d4b" outcome="Passed" testListId="8c84fa94-04c1-424b-9868-57a2d4851a1d" relativeResultsDirectory="7d93db2d-1565-48d3-b7df-a44f70694d7a">
      <Output>
        <StdOut>Al customers are:

System.Collections.Generic.List`1[ArmandoShop.Model.Customer]</StdOut>
      </Output>
    </UnitTestResult>
    <UnitTestResult executionId="06621aae-15fa-41f7-8038-dbb2acc5ab61" testId="b959f45d-9227-8acc-24b4-6ba23aed2dad" testName="CreateTest" computerName="ARMANDORV-PC" duration="00:00:00.0375189" startTime="2012-04-04T15:48:28.2541440+02:00" endTime="2012-04-04T15:48:28.2941441+02:00" testType="13cdc9d9-ddb5-4fa4-a97d-d965ccfc6d4b" outcome="Failed" testListId="8c84fa94-04c1-424b-9868-57a2d4851a1d" relativeResultsDirectory="06621aae-15fa-41f7-8038-dbb2acc5ab61">
      <Output>
        <ErrorInfo>
          <Message>El método de prueba ArmandoShop.DataAccess.Tests.CustomerDAOTest.CreateTest produjo la excepción: 
System.InvalidOperationException: Error Ejectuando la transaccion : SqlCeExceptionNo se puede insertar un valor duplicado en un índice único. [ Table name = customer,Constraint name = UQ__customer__00000000000001B2 ]</Message>
          <StackTrace>    en ArmandoShop.DataAccess.Util.UpdateExecutor.Persist(String createSql, String maxIdSql, IDictionary`2 parms) en D:\Work\VS10_WorkSpace\Projects\ArmandoShop-MiddleTier\DataAccess\Util\UpdateExecutor.cs:línea 38
   en ArmandoShop.DataAccess.Core.CustomerDAO.Create(Customer element) en D:\Work\VS10_WorkSpace\Projects\ArmandoShop-MiddleTier\DataAccess\Core\CustomerDAO.cs:línea 32
   en ArmandoShop.DataAccess.Tests.CustomerDAOTest.CreateTest() en D:\Work\VS10_WorkSpace\Projects\ArmandoShop-MiddleTier\DataAccess.Tests\CustomerDAOTest.cs:línea 69
</StackTrace>
        </ErrorInfo>
      </Output>
    </UnitTestResult>
  </Results>
</TestRun>