<?xml version="1.0" encoding="UTF-8"?>
<TestRun id="00469c8b-40db-4467-ac89-0b02c14b1894" name="armandorv@ARMANDORV-PC 2012-04-05 18:34:29" runUser="armandorv-pc\armandorv" xmlns="http://microsoft.com/schemas/VisualStudio/TeamTest/2010">
  <TestSettings name="Local" id="f68d14ca-8efd-4961-820a-96dc17a2a53d">
    <Description>Esta es la configuración de pruebas predeterminada para una ejecución de pruebas local.</Description>
    <Deployment enabled="false" runDeploymentRoot="armandorv_ARMANDORV-PC 2012-04-05 18_34_29">
      <DeploymentItem filename="D:\Work\VS10_WorkSpace\Projects\ArmandoShop-MiddleTier\Model\bin\Debug\Model.dll" />
      <DeploymentItem filename="D:\Work\VS10_WorkSpace\Projects\ArmandoShop-MiddleTier\DataAccess\bin\Debug\ArmandoShop.DataAccess.dll" />
    </Deployment>
    <Execution>
      <TestTypeSpecific />
      <AgentRule name="Execution Agents">
      </AgentRule>
    </Execution>
  </TestSettings>
  <Times creation="2012-04-05T18:34:29.3238645+02:00" queuing="2012-04-05T18:34:29.3748674+02:00" start="2012-04-05T18:34:29.3848680+02:00" finish="2012-04-05T18:34:29.6468830+02:00" />
  <ResultSummary outcome="Completed">
    <Counters total="1" executed="1" passed="1" error="0" failed="0" timeout="0" aborted="0" inconclusive="0" passedButRunAborted="0" notRunnable="0" notExecuted="0" disconnected="0" warning="0" completed="0" inProgress="0" pending="0" />
  </ResultSummary>
  <TestDefinitions>
    <UnitTest name="CreateTest" storage="d:\work\vs10_workspace\projects\armandoshop-middletier\dataaccess.tests\bin\debug\armandoshop.dataaccess.tests.dll" id="0b284713-3661-e80e-95ea-f640b439883e">
      <Execution id="5ed627e4-1e7b-4a39-8d63-6393bb3089b2" />
      <TestMethod codeBase="D:/Work/VS10_WorkSpace/Projects/ArmandoShop-MiddleTier/DataAccess.Tests/bin/Debug/ArmandoShop.DataAccess.Tests.DLL" adapterTypeName="Microsoft.VisualStudio.TestTools.TestTypes.Unit.UnitTestAdapter, Microsoft.VisualStudio.QualityTools.Tips.UnitTest.Adapter, Version=10.0.0.0, Culture=neutral, PublicKeyToken=b03f5f7f11d50a3a" className="ArmandoShop.DataAccess.Tests.OrderDAOTest, ArmandoShop.DataAccess.Tests, Version=1.0.0.0, Culture=neutral, PublicKeyToken=null" name="CreateTest" />
    </UnitTest>
  </TestDefinitions>
  <TestLists>
    <TestList name="Resultados que no están en la lista" id="8c84fa94-04c1-424b-9868-57a2d4851a1d" />
    <TestList name="Todos los resultados cargados" id="19431567-8539-422a-85d7-44ee4e166bda" />
  </TestLists>
  <TestEntries>
    <TestEntry testId="0b284713-3661-e80e-95ea-f640b439883e" executionId="5ed627e4-1e7b-4a39-8d63-6393bb3089b2" testListId="8c84fa94-04c1-424b-9868-57a2d4851a1d" />
  </TestEntries>
  <Results>
    <UnitTestResult executionId="5ed627e4-1e7b-4a39-8d63-6393bb3089b2" testId="0b284713-3661-e80e-95ea-f640b439883e" testName="CreateTest" computerName="ARMANDORV-PC" duration="00:00:00.0596362" startTime="2012-04-05T18:34:29.3928685+02:00" endTime="2012-04-05T18:34:29.6298820+02:00" testType="13cdc9d9-ddb5-4fa4-a97d-d965ccfc6d4b" outcome="Passed" testListId="8c84fa94-04c1-424b-9868-57a2d4851a1d" relativeResultsDirectory="5ed627e4-1e7b-4a39-8d63-6393bb3089b2">
      <Output>
        <StdOut>Current orders  : 

End Test 
 ______</StdOut>
      </Output>
    </UnitTestResult>
  </Results>
</TestRun>